ARM GAS  C:\Users\Jerry\AppData\Local\Temp\ccLnbZj9.s 			page 1


   1              		.syntax unified
   2              		.cpu cortex-m3
   3              		.fpu softvfp
   4              		.eabi_attribute 20, 1
   5              		.eabi_attribute 21, 1
   6              		.eabi_attribute 23, 3
   7              		.eabi_attribute 24, 1
   8              		.eabi_attribute 25, 1
   9              		.eabi_attribute 26, 1
  10              		.eabi_attribute 30, 1
  11              		.eabi_attribute 34, 1
  12              		.eabi_attribute 18, 4
  13              		.thumb
  14              		.syntax unified
  15              		.file	"gpio.c"
  16              		.text
  17              	.Ltext0:
  18              		.cfi_sections	.debug_frame
  19              		.section	.text.MX_GPIO_Init,"ax",%progbits
  20              		.align	2
  21              		.global	MX_GPIO_Init
  22              		.thumb
  23              		.thumb_func
  25              	MX_GPIO_Init:
  26              	.LFB65:
  27              		.file 1 "Core/Src/gpio.c"
   1:Core/Src/gpio.c **** /**
   2:Core/Src/gpio.c ****   ******************************************************************************
   3:Core/Src/gpio.c ****   * @file    gpio.c
   4:Core/Src/gpio.c ****   * @brief   This file provides code for the configuration
   5:Core/Src/gpio.c ****   *          of all used GPIO pins.
   6:Core/Src/gpio.c ****   ******************************************************************************
   7:Core/Src/gpio.c ****   * @attention
   8:Core/Src/gpio.c ****   *
   9:Core/Src/gpio.c ****   * <h2><center>&copy; Copyright (c) 2021 STMicroelectronics.
  10:Core/Src/gpio.c ****   * All rights reserved.</center></h2>
  11:Core/Src/gpio.c ****   *
  12:Core/Src/gpio.c ****   * This software component is licensed by ST under BSD 3-Clause license,
  13:Core/Src/gpio.c ****   * the "License"; You may not use this file except in compliance with the
  14:Core/Src/gpio.c ****   * License. You may obtain a copy of the License at:
  15:Core/Src/gpio.c ****   *                        opensource.org/licenses/BSD-3-Clause
  16:Core/Src/gpio.c ****   *
  17:Core/Src/gpio.c ****   ******************************************************************************
  18:Core/Src/gpio.c ****   */
  19:Core/Src/gpio.c **** 
  20:Core/Src/gpio.c **** /* Includes ------------------------------------------------------------------*/
  21:Core/Src/gpio.c **** #include "gpio.h"
  22:Core/Src/gpio.c **** #include "stm32f1xx_hal_gpio.h"
  23:Core/Src/gpio.c **** 
  24:Core/Src/gpio.c **** /* USER CODE BEGIN 0 */
  25:Core/Src/gpio.c **** 
  26:Core/Src/gpio.c **** /* USER CODE END 0 */
  27:Core/Src/gpio.c **** 
  28:Core/Src/gpio.c **** /*----------------------------------------------------------------------------*/
  29:Core/Src/gpio.c **** /* Configure GPIO                                                             */
  30:Core/Src/gpio.c **** /*----------------------------------------------------------------------------*/
  31:Core/Src/gpio.c **** /* USER CODE BEGIN 1 */
ARM GAS  C:\Users\Jerry\AppData\Local\Temp\ccLnbZj9.s 			page 2


  32:Core/Src/gpio.c **** 
  33:Core/Src/gpio.c **** /* USER CODE END 1 */
  34:Core/Src/gpio.c **** 
  35:Core/Src/gpio.c **** /** Configure pins as
  36:Core/Src/gpio.c ****         * Analog
  37:Core/Src/gpio.c ****         * Input
  38:Core/Src/gpio.c ****         * Output
  39:Core/Src/gpio.c ****         * EVENT_OUT
  40:Core/Src/gpio.c ****         * EXTI
  41:Core/Src/gpio.c **** */
  42:Core/Src/gpio.c **** void MX_GPIO_Init(void)
  43:Core/Src/gpio.c **** {
  28              		.loc 1 43 0
  29              		.cfi_startproc
  30              		@ args = 0, pretend = 0, frame = 32
  31              		@ frame_needed = 0, uses_anonymous_args = 0
  32 0000 2DE9F041 		push	{r4, r5, r6, r7, r8, lr}
  33              	.LCFI0:
  34              		.cfi_def_cfa_offset 24
  35              		.cfi_offset 4, -24
  36              		.cfi_offset 5, -20
  37              		.cfi_offset 6, -16
  38              		.cfi_offset 7, -12
  39              		.cfi_offset 8, -8
  40              		.cfi_offset 14, -4
  41 0004 88B0     		sub	sp, sp, #32
  42              	.LCFI1:
  43              		.cfi_def_cfa_offset 56
  44:Core/Src/gpio.c **** 
  45:Core/Src/gpio.c ****   GPIO_InitTypeDef GPIO_InitStruct = {0};
  44              		.loc 1 45 0
  45 0006 0022     		movs	r2, #0
  46 0008 0492     		str	r2, [sp, #16]
  47 000a 0592     		str	r2, [sp, #20]
  48 000c 0692     		str	r2, [sp, #24]
  49 000e 0792     		str	r2, [sp, #28]
  50              	.LBB2:
  46:Core/Src/gpio.c **** 
  47:Core/Src/gpio.c ****   /* GPIO Ports Clock Enable */
  48:Core/Src/gpio.c ****   __HAL_RCC_GPIOE_CLK_ENABLE();
  51              		.loc 1 48 0
  52 0010 1E4B     		ldr	r3, .L3
  53 0012 9969     		ldr	r1, [r3, #24]
  54 0014 41F04001 		orr	r1, r1, #64
  55 0018 9961     		str	r1, [r3, #24]
  56 001a 9969     		ldr	r1, [r3, #24]
  57 001c 01F04001 		and	r1, r1, #64
  58 0020 0191     		str	r1, [sp, #4]
  59 0022 0199     		ldr	r1, [sp, #4]
  60              	.LBE2:
  61              	.LBB3:
  49:Core/Src/gpio.c ****   __HAL_RCC_GPIOA_CLK_ENABLE();
  62              		.loc 1 49 0
  63 0024 9969     		ldr	r1, [r3, #24]
  64 0026 41F00401 		orr	r1, r1, #4
  65 002a 9961     		str	r1, [r3, #24]
  66 002c 9969     		ldr	r1, [r3, #24]
ARM GAS  C:\Users\Jerry\AppData\Local\Temp\ccLnbZj9.s 			page 3


  67 002e 01F00401 		and	r1, r1, #4
  68 0032 0291     		str	r1, [sp, #8]
  69 0034 0299     		ldr	r1, [sp, #8]
  70              	.LBE3:
  71              	.LBB4:
  50:Core/Src/gpio.c ****   __HAL_RCC_GPIOB_CLK_ENABLE();
  72              		.loc 1 50 0
  73 0036 9969     		ldr	r1, [r3, #24]
  74 0038 41F00801 		orr	r1, r1, #8
  75 003c 9961     		str	r1, [r3, #24]
  76 003e 9B69     		ldr	r3, [r3, #24]
  77 0040 03F00803 		and	r3, r3, #8
  78 0044 0393     		str	r3, [sp, #12]
  79 0046 039B     		ldr	r3, [sp, #12]
  80              	.LBE4:
  51:Core/Src/gpio.c **** 
  52:Core/Src/gpio.c ****   /*Configure GPIO pin Output Level */
  53:Core/Src/gpio.c ****   HAL_GPIO_WritePin(LED1_GPIO_Port, LED1_Pin, GPIO_PIN_RESET);
  81              		.loc 1 53 0
  82 0048 DFF84880 		ldr	r8, .L3+8
  83 004c 2021     		movs	r1, #32
  84 004e 4046     		mov	r0, r8
  85 0050 FFF7FEFF 		bl	HAL_GPIO_WritePin
  86              	.LVL0:
  54:Core/Src/gpio.c **** 
  55:Core/Src/gpio.c ****   /*Configure GPIO pin Output Level */
  56:Core/Src/gpio.c ****   HAL_GPIO_WritePin(LED0_GPIO_Port, LED0_Pin, GPIO_PIN_SET);
  87              		.loc 1 56 0
  88 0054 0E4D     		ldr	r5, .L3+4
  89 0056 0122     		movs	r2, #1
  90 0058 2021     		movs	r1, #32
  91 005a 2846     		mov	r0, r5
  92 005c FFF7FEFF 		bl	HAL_GPIO_WritePin
  93              	.LVL1:
  57:Core/Src/gpio.c **** 
  58:Core/Src/gpio.c ****   /*Configure GPIO pin : PtPin */
  59:Core/Src/gpio.c ****   GPIO_InitStruct.Pin = LED1_Pin;
  94              		.loc 1 59 0
  95 0060 2027     		movs	r7, #32
  96 0062 0497     		str	r7, [sp, #16]
  60:Core/Src/gpio.c ****   GPIO_InitStruct.Mode = GPIO_MODE_OUTPUT_PP;
  97              		.loc 1 60 0
  98 0064 0124     		movs	r4, #1
  99 0066 0594     		str	r4, [sp, #20]
  61:Core/Src/gpio.c ****   GPIO_InitStruct.Pull = GPIO_PULLUP;
 100              		.loc 1 61 0
 101 0068 0694     		str	r4, [sp, #24]
  62:Core/Src/gpio.c ****   GPIO_InitStruct.Speed = GPIO_SPEED_FREQ_LOW;
 102              		.loc 1 62 0
 103 006a 0226     		movs	r6, #2
 104 006c 0796     		str	r6, [sp, #28]
  63:Core/Src/gpio.c ****   HAL_GPIO_Init(LED1_GPIO_Port, &GPIO_InitStruct);
 105              		.loc 1 63 0
 106 006e 04A9     		add	r1, sp, #16
 107 0070 4046     		mov	r0, r8
 108 0072 FFF7FEFF 		bl	HAL_GPIO_Init
 109              	.LVL2:
ARM GAS  C:\Users\Jerry\AppData\Local\Temp\ccLnbZj9.s 			page 4


  64:Core/Src/gpio.c **** 
  65:Core/Src/gpio.c ****   /*Configure GPIO pin : PtPin */
  66:Core/Src/gpio.c ****   GPIO_InitStruct.Pin = LED0_Pin;
 110              		.loc 1 66 0
 111 0076 0497     		str	r7, [sp, #16]
  67:Core/Src/gpio.c ****   GPIO_InitStruct.Mode = GPIO_MODE_OUTPUT_PP;
 112              		.loc 1 67 0
 113 0078 0594     		str	r4, [sp, #20]
  68:Core/Src/gpio.c ****   GPIO_InitStruct.Pull = GPIO_PULLUP;
 114              		.loc 1 68 0
 115 007a 0694     		str	r4, [sp, #24]
  69:Core/Src/gpio.c ****   GPIO_InitStruct.Speed = GPIO_SPEED_FREQ_LOW;
 116              		.loc 1 69 0
 117 007c 0796     		str	r6, [sp, #28]
  70:Core/Src/gpio.c ****   HAL_GPIO_Init(LED0_GPIO_Port, &GPIO_InitStruct);
 118              		.loc 1 70 0
 119 007e 04A9     		add	r1, sp, #16
 120 0080 2846     		mov	r0, r5
 121 0082 FFF7FEFF 		bl	HAL_GPIO_Init
 122              	.LVL3:
  71:Core/Src/gpio.c **** 
  72:Core/Src/gpio.c **** }
 123              		.loc 1 72 0
 124 0086 08B0     		add	sp, sp, #32
 125              	.LCFI2:
 126              		.cfi_def_cfa_offset 24
 127              		@ sp needed
 128 0088 BDE8F081 		pop	{r4, r5, r6, r7, r8, pc}
 129              	.L4:
 130              		.align	2
 131              	.L3:
 132 008c 00100240 		.word	1073876992
 133 0090 000C0140 		.word	1073810432
 134 0094 00180140 		.word	1073813504
 135              		.cfi_endproc
 136              	.LFE65:
 138              		.text
 139              	.Letext0:
 140              		.file 2 "c:\\program files (x86)\\gnu tools arm embedded\\5.4 2016q3\\arm-none-eabi\\include\\mach
 141              		.file 3 "c:\\program files (x86)\\gnu tools arm embedded\\5.4 2016q3\\arm-none-eabi\\include\\sys\
 142              		.file 4 "Drivers/CMSIS/Device/ST/STM32F1xx/Include/stm32f103xe.h"
 143              		.file 5 "Drivers/STM32F1xx_HAL_Driver/Inc/stm32f1xx_hal_gpio.h"
 144              		.file 6 "Drivers/CMSIS/Include/core_cm3.h"
ARM GAS  C:\Users\Jerry\AppData\Local\Temp\ccLnbZj9.s 			page 5


DEFINED SYMBOLS
                            *ABS*:00000000 gpio.c
C:\Users\Jerry\AppData\Local\Temp\ccLnbZj9.s:20     .text.MX_GPIO_Init:00000000 $t
C:\Users\Jerry\AppData\Local\Temp\ccLnbZj9.s:25     .text.MX_GPIO_Init:00000000 MX_GPIO_Init
C:\Users\Jerry\AppData\Local\Temp\ccLnbZj9.s:132    .text.MX_GPIO_Init:0000008c $d
                     .debug_frame:00000010 $d

UNDEFINED SYMBOLS
HAL_GPIO_WritePin
HAL_GPIO_Init
